d:\poly stuff (hardrive)\year 3\pgen\asn1\pgeng_assn\proj.win32\debug.win32\animationcontroller.obj
d:\poly stuff (hardrive)\year 3\pgen\asn1\pgeng_assn\proj.win32\debug.win32\spritebuilder.obj
d:\poly stuff (hardrive)\year 3\pgen\asn1\pgeng_assn\proj.win32\debug.win32\audiohandler.obj
d:\poly stuff (hardrive)\year 3\pgen\asn1\pgeng_assn\proj.win32\debug.win32\grid.obj
d:\poly stuff (hardrive)\year 3\pgen\asn1\pgeng_assn\proj.win32\debug.win32\main.obj
d:\poly stuff (hardrive)\year 3\pgen\asn1\pgeng_assn\proj.win32\debug.win32\gamescene.obj
d:\poly stuff (hardrive)\year 3\pgen\asn1\pgeng_assn\proj.win32\debug.win32\exit.obj
d:\poly stuff (hardrive)\year 3\pgen\asn1\pgeng_assn\proj.win32\debug.win32\puzzle.obj
d:\poly stuff (hardrive)\year 3\pgen\asn1\pgeng_assn\proj.win32\debug.win32\endroom.obj
d:\poly stuff (hardrive)\year 3\pgen\asn1\pgeng_assn\proj.win32\debug.win32\interactable.obj
d:\poly stuff (hardrive)\year 3\pgen\asn1\pgeng_assn\proj.win32\debug.win32\player.obj
d:\poly stuff (hardrive)\year 3\pgen\asn1\pgeng_assn\proj.win32\debug.win32\npc.obj
d:\poly stuff (hardrive)\year 3\pgen\asn1\pgeng_assn\proj.win32\debug.win32\heartdrops.obj
d:\poly stuff (hardrive)\year 3\pgen\asn1\pgeng_assn\proj.win32\debug.win32\pathfindertest.obj
d:\poly stuff (hardrive)\year 3\pgen\asn1\pgeng_assn\proj.win32\debug.win32\puzzleelement.obj
d:\poly stuff (hardrive)\year 3\pgen\asn1\pgeng_assn\proj.win32\debug.win32\appdelegate.obj
d:\poly stuff (hardrive)\year 3\pgen\asn1\pgeng_assn\proj.win32\debug.win32\chainedpressureplate.obj
d:\poly stuff (hardrive)\year 3\pgen\asn1\pgeng_assn\proj.win32\debug.win32\button.obj
d:\poly stuff (hardrive)\year 3\pgen\asn1\pgeng_assn\proj.win32\debug.win32\pressureplate.obj
d:\poly stuff (hardrive)\year 3\pgen\asn1\pgeng_assn\proj.win32\debug.win32\patrollingfsm.obj
d:\poly stuff (hardrive)\year 3\pgen\asn1\pgeng_assn\proj.win32\debug.win32\playerprojectileentity.obj
d:\poly stuff (hardrive)\year 3\pgen\asn1\pgeng_assn\proj.win32\debug.win32\basefsm.obj
d:\poly stuff (hardrive)\year 3\pgen\asn1\pgeng_assn\proj.win32\debug.win32\playermeleehitboxentity.obj
d:\poly stuff (hardrive)\year 3\pgen\asn1\pgeng_assn\proj.win32\debug.win32\vc120.pdb
d:\poly stuff (hardrive)\year 3\pgen\asn1\pgeng_assn\proj.win32\debug.win32\gameover.obj
d:\poly stuff (hardrive)\year 3\pgen\asn1\pgeng_assn\proj.win32\debug.win32\pausescene.obj
d:\poly stuff (hardrive)\year 3\pgen\asn1\pgeng_assn\proj.win32\debug.win32\vc120.idb
d:\poly stuff (hardrive)\year 3\pgen\asn1\pgeng_assn\proj.win32\debug.win32\pathfinder.obj
d:\poly stuff (hardrive)\year 3\pgen\asn1\pgeng_assn\proj.win32\debug.win32\helloworldscene.obj
d:\poly stuff (hardrive)\year 3\pgen\asn1\pgeng_assn\proj.win32\debug.win32\playerrangeweapon.obj
d:\poly stuff (hardrive)\year 3\pgen\asn1\pgeng_assn\proj.win32\debug.win32\projectilebase.obj
d:\poly stuff (hardrive)\year 3\pgen\asn1\pgeng_assn\proj.win32\debug.win32\testscene.obj
d:\poly stuff (hardrive)\year 3\pgen\asn1\pgeng_assn\proj.win32\debug.win32\weaponbase.obj
d:\poly stuff (hardrive)\year 3\pgen\asn1\pgeng_assn\proj.win32\debug.win32\spatialpartition.obj
d:\poly stuff (hardrive)\year 3\pgen\asn1\pgeng_assn\proj.win32\debug.win32\inputhandler.obj
d:\poly stuff (hardrive)\year 3\pgen\asn1\pgeng_assn\proj.win32\debug.win32\mainmenuscene.obj
d:\poly stuff (hardrive)\year 3\pgen\asn1\pgeng_assn\proj.win32\debug.win32\playermeleeweapon.obj
d:\poly stuff (hardrive)\year 3\pgen\asn1\pgeng_assn\proj.win32\debug.win32\scenemanager.obj
d:\poly stuff (hardrive)\year 3\pgen\asn1\pgeng_assn\proj.win32\debug.win32\pgeng_assn.ilk
d:\poly stuff (hardrive)\year 3\pgen\asn1\pgeng_assn\proj.win32\debug.win32\pgeng_assn.exe
d:\poly stuff (hardrive)\year 3\pgen\asn1\pgeng_assn\proj.win32\debug.win32\pgeng_assn.pdb
d:\poly stuff (hardrive)\year 3\pgen\asn1\pgeng_assn\proj.win32\debug.win32\pgeng_assn.lib
d:\poly stuff (hardrive)\year 3\pgen\asn1\pgeng_assn\proj.win32\debug.win32\pgeng_assn.exp
d:\poly stuff (hardrive)\year 3\pgen\asn1\pgeng_assn\proj.win32\pgeng_assn.cab
d:\poly stuff (hardrive)\year 3\pgen\asn1\pgeng_assn\proj.win32\debug.win32\game.res
d:\poly stuff (hardrive)\year 3\pgen\asn1\pgeng_assn\proj.win32\debug.win32\libcocos2d.exp
d:\poly stuff (hardrive)\year 3\pgen\asn1\pgeng_assn\proj.win32\debug.win32\libcocos2d.pdb
d:\poly stuff (hardrive)\year 3\pgen\asn1\pgeng_assn\proj.win32\debug.win32\pgeng_assn.tlog\cl.command.1.tlog
d:\poly stuff (hardrive)\year 3\pgen\asn1\pgeng_assn\proj.win32\debug.win32\pgeng_assn.tlog\cl.read.1.tlog
d:\poly stuff (hardrive)\year 3\pgen\asn1\pgeng_assn\proj.win32\debug.win32\pgeng_assn.tlog\cl.write.1.tlog
d:\poly stuff (hardrive)\year 3\pgen\asn1\pgeng_assn\proj.win32\debug.win32\pgeng_assn.tlog\link.command.1.tlog
d:\poly stuff (hardrive)\year 3\pgen\asn1\pgeng_assn\proj.win32\debug.win32\pgeng_assn.tlog\link.read.1.tlog
d:\poly stuff (hardrive)\year 3\pgen\asn1\pgeng_assn\proj.win32\debug.win32\pgeng_assn.tlog\link.write.1.tlog
d:\poly stuff (hardrive)\year 3\pgen\asn1\pgeng_assn\proj.win32\debug.win32\pgeng_assn.tlog\pgeng_assn.write.1u.tlog
d:\poly stuff (hardrive)\year 3\pgen\asn1\pgeng_assn\proj.win32\debug.win32\pgeng_assn.tlog\rc.command.1.tlog
d:\poly stuff (hardrive)\year 3\pgen\asn1\pgeng_assn\proj.win32\debug.win32\pgeng_assn.tlog\rc.read.1.tlog
d:\poly stuff (hardrive)\year 3\pgen\asn1\pgeng_assn\proj.win32\debug.win32\pgeng_assn.tlog\rc.write.1.tlog
